[debug] [2022-02-03T19:07:51.900Z] ----------------------------------------------------------------------
[debug] [2022-02-03T19:07:51.901Z] Command:       /usr/local/bin/node /usr/local/bin/firebase emulators:start --only auth
[debug] [2022-02-03T19:07:51.902Z] CLI Version:   9.16.5
[debug] [2022-02-03T19:07:51.902Z] Platform:      darwin
[debug] [2022-02-03T19:07:51.902Z] Node Version:  v14.16.0
[debug] [2022-02-03T19:07:51.903Z] Time:          Thu Feb 03 2022 14:07:51 GMT-0500 (Eastern Standard Time)
[debug] [2022-02-03T19:07:51.903Z] ----------------------------------------------------------------------
[debug] 
[debug] [2022-02-03T19:07:51.950Z] > command requires scopes: ["email","openid","https://www.googleapis.com/auth/cloudplatformprojects.readonly","https://www.googleapis.com/auth/firebase","https://www.googleapis.com/auth/cloud-platform"]
[debug] [2022-02-03T19:07:51.950Z] > authorizing via signed-in user (ttierney32@gmail.com)
[info] i  emulators: Starting emulators: auth {"metadata":{"emulator":{"name":"hub"},"message":"Starting emulators: auth"}}
[debug] [2022-02-03T19:07:51.972Z] [hub] writing locator at /var/folders/x5/pj9vl_jx08559y46s4dnzzzm0000gn/T/hub-chatapp-dadb0.json
[info] i  ui: downloading ui-v1.6.2.zip... {"metadata":{"emulator":{"name":"ui"},"message":"downloading ui-v1.6.2.zip..."}}
[debug] [2022-02-03T19:07:54.104Z] >>> [apiv2][query] GET https://storage.googleapis.com/firebase-preview-drop/emulator/ui-v1.6.2.zip 
[debug] [2022-02-03T19:07:54.203Z] <<< [apiv2][status] GET https://storage.googleapis.com/firebase-preview-drop/emulator/ui-v1.6.2.zip 200
[debug] [2022-02-03T19:07:54.204Z] <<< [apiv2][body] GET https://storage.googleapis.com/firebase-preview-drop/emulator/ui-v1.6.2.zip [stream]
[info] i  ui: Removing outdated emulator files: ui-v1.6.0 {"metadata":{"emulator":{"name":"ui"},"message":"Removing outdated emulator files: ui-v1.6.0"}}
[info] i  ui: Removing outdated emulator files: ui-v1.6.0.zip {"metadata":{"emulator":{"name":"ui"},"message":"Removing outdated emulator files: ui-v1.6.0.zip"}}
[debug] [2022-02-03T19:07:54.857Z] Ignoring unsupported arg: auto_download {"metadata":{"emulator":{"name":"ui"},"message":"Ignoring unsupported arg: auto_download"}}
[debug] [2022-02-03T19:07:54.857Z] Ignoring unsupported arg: port {"metadata":{"emulator":{"name":"ui"},"message":"Ignoring unsupported arg: port"}}
[debug] [2022-02-03T19:07:54.857Z] Starting Emulator UI with command {"binary":"node","args":["/Users/tylertierney/.cache/firebase/emulators/ui-v1.6.2/server.bundle.js"],"optionalArgs":[],"joinArgs":false} {"metadata":{"emulator":{"name":"ui"},"message":"Starting Emulator UI with command {\"binary\":\"node\",\"args\":[\"/Users/tylertierney/.cache/firebase/emulators/ui-v1.6.2/server.bundle.js\"],\"optionalArgs\":[],\"joinArgs\":false}"}}
[info] i  ui: Emulator UI logging to ui-debug.log {"metadata":{"emulator":{"name":"ui"},"message":"Emulator UI logging to \u001b[1mui-debug.log\u001b[22m"}}
[debug] [2022-02-03T19:07:54.948Z] Web / API server started at localhost:4000
 {"metadata":{"emulator":{"name":"ui"},"message":"Web / API server started at localhost:4000\n"}}
[info] 
┌─────────────────────────────────────────────────────────────┐
│ ✔  All emulators ready! It is now safe to connect your app. │
│ i  View Emulator UI at http://localhost:4000                │
└─────────────────────────────────────────────────────────────┘

┌────────────────┬────────────────┬────────────────────────────┐
│ Emulator       │ Host:Port      │ View in Emulator UI        │
├────────────────┼────────────────┼────────────────────────────┤
│ Authentication │ localhost:9099 │ http://localhost:4000/auth │
└────────────────┴────────────────┴────────────────────────────┘
  Emulator Hub running at localhost:4400
  Other reserved ports: 4500

Issues? Report them at https://github.com/firebase/firebase-tools/issues and attach the *-debug.log files.
 
